C:\USERS\MARCELO\DOCUMENTS\ARTOOLKIT\EXAMPLES\ARSHOGI\RELEASE\ARSHOGI.EXE
C:\USERS\MARCELO\DOCUMENTS\ARTOOLKIT\EXAMPLES\ARSHOGI\RELEASE\ARSHOGI.EXE.INTERMEDIATE.MANIFEST
C:\USERS\MARCELO\DOCUMENTS\ARTOOLKIT\EXAMPLES\ARSHOGI\RELEASE\ARSHOGI.ILK
C:\USERS\MARCELO\DOCUMENTS\ARTOOLKIT\EXAMPLES\ARSHOGI\RELEASE\ARSHOGI.PDB
C:\Users\Marcelo\Documents\ARToolKit\examples\ARShogi\Release\ARShogi.vcxprojResolveAssemblyReference.cache
C:\Users\Marcelo\Documents\ARToolKit\examples\ARShogi\Release\ARShogi.write.1.tlog
C:\USERS\MARCELO\DOCUMENTS\ARTOOLKIT\EXAMPLES\ARSHOGI\RELEASE\BISHOP.OBJ
C:\Users\Marcelo\Documents\ARToolKit\examples\ARShogi\Release\cl.command.1.tlog
C:\Users\Marcelo\Documents\ARToolKit\examples\ARShogi\Release\CL.read.1.tlog
C:\Users\Marcelo\Documents\ARToolKit\examples\ARShogi\Release\CL.write.1.tlog
C:\USERS\MARCELO\DOCUMENTS\ARTOOLKIT\EXAMPLES\ARSHOGI\RELEASE\GABUMON.OBJ
C:\USERS\MARCELO\DOCUMENTS\ARTOOLKIT\EXAMPLES\ARSHOGI\RELEASE\GLM.OBJ
C:\USERS\MARCELO\DOCUMENTS\ARTOOLKIT\EXAMPLES\ARSHOGI\RELEASE\GLMIMG.OBJ
C:\USERS\MARCELO\DOCUMENTS\ARTOOLKIT\EXAMPLES\ARSHOGI\RELEASE\GOLDGENERAL.OBJ
C:\USERS\MARCELO\DOCUMENTS\ARTOOLKIT\EXAMPLES\ARSHOGI\RELEASE\KING.OBJ
C:\USERS\MARCELO\DOCUMENTS\ARTOOLKIT\EXAMPLES\ARSHOGI\RELEASE\KNIGHT.OBJ
C:\USERS\MARCELO\DOCUMENTS\ARTOOLKIT\EXAMPLES\ARSHOGI\RELEASE\LANCE.OBJ
C:\Users\Marcelo\Documents\ARToolKit\examples\ARShogi\Release\link.command.1.tlog
C:\Users\Marcelo\Documents\ARToolKit\examples\ARShogi\Release\link.read.1.tlog
C:\Users\Marcelo\Documents\ARToolKit\examples\ARShogi\Release\link.write.1.tlog
C:\USERS\MARCELO\DOCUMENTS\ARTOOLKIT\EXAMPLES\ARSHOGI\RELEASE\MAIN.OBJ
C:\Users\Marcelo\Documents\ARToolKit\examples\ARShogi\Release\mt.command.1.tlog
C:\Users\Marcelo\Documents\ARToolKit\examples\ARShogi\Release\mt.read.1.tlog
C:\Users\Marcelo\Documents\ARToolKit\examples\ARShogi\Release\mt.write.1.tlog
C:\USERS\MARCELO\DOCUMENTS\ARTOOLKIT\EXAMPLES\ARSHOGI\RELEASE\PAWN.OBJ
C:\USERS\MARCELO\DOCUMENTS\ARTOOLKIT\EXAMPLES\ARSHOGI\RELEASE\PIECE.OBJ
C:\USERS\MARCELO\DOCUMENTS\ARTOOLKIT\EXAMPLES\ARSHOGI\RELEASE\ROOK.OBJ
C:\USERS\MARCELO\DOCUMENTS\ARTOOLKIT\EXAMPLES\ARSHOGI\RELEASE\SILVERGENERAL.OBJ
C:\USERS\MARCELO\DOCUMENTS\ARTOOLKIT\EXAMPLES\ARSHOGI\RELEASE\TEXTURE.OBJ
C:\USERS\MARCELO\DOCUMENTS\ARTOOLKIT\EXAMPLES\ARSHOGI\RELEASE\TOWER.OBJ
C:\Users\Marcelo\Documents\ARToolKit\examples\ARShogi\Release\vc100.idb
C:\USERS\MARCELO\DOCUMENTS\ARTOOLKIT\EXAMPLES\ARSHOGI\RELEASE\VC100.PDB
Release\ARShogi.ilk
Release\ARShogi.pdb
