C:\USERS\LUCAS\DOCUMENTS\IHC\ARTOOLKIT\BIN\SIMPLELITED.BSC
C:\USERS\LUCAS\DOCUMENTS\IHC\ARTOOLKIT\BIN\SIMPLELITED.EXE
C:\USERS\LUCAS\DOCUMENTS\IHC\ARTOOLKIT\BIN\SIMPLELITED.ILK
C:\USERS\LUCAS\DOCUMENTS\IHC\ARTOOLKIT\BIN\SIMPLELITED.PDB
C:\Users\Lucas\Documents\IHC\ARToolKit\examples\mySimpleLite\Debug\BscMake.command.1.tlog
C:\Users\Lucas\Documents\IHC\ARToolKit\examples\mySimpleLite\Debug\bscmake.read.1.tlog
C:\Users\Lucas\Documents\IHC\ARToolKit\examples\mySimpleLite\Debug\bscmake.write.1.tlog
C:\Users\Lucas\Documents\IHC\ARToolKit\examples\mySimpleLite\Debug\cl.command.1.tlog
C:\Users\Lucas\Documents\IHC\ARToolKit\examples\mySimpleLite\Debug\CL.read.1.tlog
C:\Users\Lucas\Documents\IHC\ARToolKit\examples\mySimpleLite\Debug\CL.write.1.tlog
C:\USERS\LUCAS\DOCUMENTS\IHC\ARTOOLKIT\EXAMPLES\MYSIMPLELITE\DEBUG\GLM.OBJ
C:\USERS\LUCAS\DOCUMENTS\IHC\ARTOOLKIT\EXAMPLES\MYSIMPLELITE\DEBUG\GLM.SBR
C:\USERS\LUCAS\DOCUMENTS\IHC\ARTOOLKIT\EXAMPLES\MYSIMPLELITE\DEBUG\GLMIMG.OBJ
C:\USERS\LUCAS\DOCUMENTS\IHC\ARTOOLKIT\EXAMPLES\MYSIMPLELITE\DEBUG\GLMIMG.SBR
C:\Users\Lucas\Documents\IHC\ARToolKit\examples\mySimpleLite\Debug\link.command.1.tlog
C:\Users\Lucas\Documents\IHC\ARToolKit\examples\mySimpleLite\Debug\link.read.1.tlog
C:\Users\Lucas\Documents\IHC\ARToolKit\examples\mySimpleLite\Debug\link.write.1.tlog
C:\Users\Lucas\Documents\IHC\ARToolKit\examples\mySimpleLite\Debug\mt.command.1.tlog
C:\Users\Lucas\Documents\IHC\ARToolKit\examples\mySimpleLite\Debug\mt.read.1.tlog
C:\Users\Lucas\Documents\IHC\ARToolKit\examples\mySimpleLite\Debug\mt.write.1.tlog
C:\USERS\LUCAS\DOCUMENTS\IHC\ARTOOLKIT\EXAMPLES\MYSIMPLELITE\DEBUG\SIMPLELITE.OBJ
C:\USERS\LUCAS\DOCUMENTS\IHC\ARTOOLKIT\EXAMPLES\MYSIMPLELITE\DEBUG\SIMPLELITE.SBR
C:\Users\Lucas\Documents\IHC\ARToolKit\examples\mySimpleLite\Debug\simpleLite.write.1.tlog
C:\USERS\LUCAS\DOCUMENTS\IHC\ARTOOLKIT\EXAMPLES\MYSIMPLELITE\DEBUG\SIMPLELITED.EXE.INTERMEDIATE.MANIFEST
C:\USERS\LUCAS\DOCUMENTS\IHC\ARTOOLKIT\EXAMPLES\MYSIMPLELITE\DEBUG\TEXTURE.OBJ
C:\USERS\LUCAS\DOCUMENTS\IHC\ARTOOLKIT\EXAMPLES\MYSIMPLELITE\DEBUG\TEXTURE.SBR
C:\USERS\LUCAS\DOCUMENTS\IHC\ARTOOLKIT\EXAMPLES\MYSIMPLELITE\DEBUG\VC100.PDB
